<?xml version="1.0" encoding="UTF-8"?>
<!-- Generated by org.testng.reporters.JUnitReportReporter -->
<testsuite hostname="EMRAHs-MacBook-Pro.local" failures="0" tests="1" name="emrahrunner.CucumberTestRunner" time="5.945" errors="0" timestamp="2024-12-16T20:03:06 EST" skipped="0">
  <testcase classname="emrahrunner.CucumberTestRunner" name="runScenario" time="5.945"/>
</testsuite> <!-- emrahrunner.CucumberTestRunner -->
