<?xml version="1.0" encoding="UTF-8"?>
<!-- Generated by org.testng.reporters.JUnitReportReporter -->
<testsuite hostname="EMRAHs-MacBook-Pro.local" failures="0" tests="2" name="emrahrunner.CucumberTestRunner" time="18.435" errors="0" timestamp="2024-12-17T00:01:06 EST" skipped="0">
  <testcase classname="emrahrunner.CucumberTestRunner" name="runScenario" time="9.151"/>
  <testcase classname="emrahrunner.CucumberTestRunner" name="runScenario" time="9.284"/>
</testsuite> <!-- emrahrunner.CucumberTestRunner -->
